Analysis & Synthesis report for top
Sun May 31 14:28:18 2020
Quartus Prime Version 18.0.0 Build 614 04/24/2018 SJ Lite Edition


---------------------
; Table of Contents ;
---------------------
  1. Legal Notice
  2. Analysis & Synthesis Summary
  3. Analysis & Synthesis Settings
  4. Parallel Compilation
  5. Analysis & Synthesis Source Files Read
  6. Analysis & Synthesis Resource Usage Summary
  7. Analysis & Synthesis Resource Utilization by Entity
  8. Analysis & Synthesis DSP Block Usage Summary
  9. Analysis & Synthesis IP Cores Summary
 10. General Register Statistics
 11. Parameter Settings for User Entity Instance: mult1:inst_mult|lpm_mult:lpm_mult_component
 12. Parameter Settings for User Entity Instance: mux1:inst_mux1|lpm_mux:LPM_MUX_component
 13. Parameter Settings for Inferred Entity Instance: exp1:inst_exp|lpm_mult:Mult0
 14. lpm_mult Parameter Settings by Entity Instance
 15. Post-Synthesis Netlist Statistics for Top Partition
 16. Elapsed Time Per Partition
 17. Analysis & Synthesis Messages



----------------
; Legal Notice ;
----------------
Copyright (C) 2018  Intel Corporation. All rights reserved.
Your use of Intel Corporation's design tools, logic functions 
and other software and tools, and its AMPP partner logic 
functions, and any output files from any of the foregoing 
(including device programming or simulation files), and any 
associated documentation or information are expressly subject 
to the terms and conditions of the Intel Program License 
Subscription Agreement, the Intel Quartus Prime License Agreement,
the Intel FPGA IP License Agreement, or other applicable license
agreement, including, without limitation, that your use is for
the sole purpose of programming logic devices manufactured by
Intel and sold by Intel or its authorized distributors.  Please
refer to the applicable agreement for further details.



+----------------------------------------------------------------------------------+
; Analysis & Synthesis Summary                                                     ;
+------------------------------------+---------------------------------------------+
; Analysis & Synthesis Status        ; Successful - Sun May 31 14:28:18 2020       ;
; Quartus Prime Version              ; 18.0.0 Build 614 04/24/2018 SJ Lite Edition ;
; Revision Name                      ; top                                         ;
; Top-level Entity Name              ; top                                         ;
; Family                             ; MAX 10                                      ;
; Total logic elements               ; 9                                           ;
;     Total combinational functions  ; 9                                           ;
;     Dedicated logic registers      ; 0                                           ;
; Total registers                    ; 0                                           ;
; Total pins                         ; 11                                          ;
; Total virtual pins                 ; 0                                           ;
; Total memory bits                  ; 0                                           ;
; Embedded Multiplier 9-bit elements ; 1                                           ;
; Total PLLs                         ; 0                                           ;
; UFM blocks                         ; 0                                           ;
; ADC blocks                         ; 0                                           ;
+------------------------------------+---------------------------------------------+


+------------------------------------------------------------------------------------------------------------+
; Analysis & Synthesis Settings                                                                              ;
+------------------------------------------------------------------+--------------------+--------------------+
; Option                                                           ; Setting            ; Default Value      ;
+------------------------------------------------------------------+--------------------+--------------------+
; Device                                                           ; 10M08SAU169C8G     ;                    ;
; Top-level entity name                                            ; top                ; top                ;
; Family name                                                      ; MAX 10             ; Cyclone V          ;
; Use smart compilation                                            ; Off                ; Off                ;
; Enable parallel Assembler and Timing Analyzer during compilation ; On                 ; On                 ;
; Enable compact report table                                      ; Off                ; Off                ;
; Restructure Multiplexers                                         ; Auto               ; Auto               ;
; Create Debugging Nodes for IP Cores                              ; Off                ; Off                ;
; Preserve fewer node names                                        ; On                 ; On                 ;
; Intel FPGA IP Evaluation Mode                                    ; Enable             ; Enable             ;
; Verilog Version                                                  ; Verilog_2001       ; Verilog_2001       ;
; VHDL Version                                                     ; VHDL_1993          ; VHDL_1993          ;
; State Machine Processing                                         ; Auto               ; Auto               ;
; Safe State Machine                                               ; Off                ; Off                ;
; Extract Verilog State Machines                                   ; On                 ; On                 ;
; Extract VHDL State Machines                                      ; On                 ; On                 ;
; Ignore Verilog initial constructs                                ; Off                ; Off                ;
; Iteration limit for constant Verilog loops                       ; 5000               ; 5000               ;
; Iteration limit for non-constant Verilog loops                   ; 250                ; 250                ;
; Add Pass-Through Logic to Inferred RAMs                          ; On                 ; On                 ;
; Infer RAMs from Raw Logic                                        ; On                 ; On                 ;
; Parallel Synthesis                                               ; On                 ; On                 ;
; DSP Block Balancing                                              ; Auto               ; Auto               ;
; NOT Gate Push-Back                                               ; On                 ; On                 ;
; Power-Up Don't Care                                              ; On                 ; On                 ;
; Remove Redundant Logic Cells                                     ; Off                ; Off                ;
; Remove Duplicate Registers                                       ; On                 ; On                 ;
; Ignore CARRY Buffers                                             ; Off                ; Off                ;
; Ignore CASCADE Buffers                                           ; Off                ; Off                ;
; Ignore GLOBAL Buffers                                            ; Off                ; Off                ;
; Ignore ROW GLOBAL Buffers                                        ; Off                ; Off                ;
; Ignore LCELL Buffers                                             ; Off                ; Off                ;
; Ignore SOFT Buffers                                              ; On                 ; On                 ;
; Limit AHDL Integers to 32 Bits                                   ; Off                ; Off                ;
; Optimization Technique                                           ; Balanced           ; Balanced           ;
; Carry Chain Length                                               ; 70                 ; 70                 ;
; Auto Carry Chains                                                ; On                 ; On                 ;
; Auto Open-Drain Pins                                             ; On                 ; On                 ;
; Perform WYSIWYG Primitive Resynthesis                            ; Off                ; Off                ;
; Auto ROM Replacement                                             ; On                 ; On                 ;
; Auto RAM Replacement                                             ; On                 ; On                 ;
; Auto DSP Block Replacement                                       ; On                 ; On                 ;
; Auto Shift Register Replacement                                  ; Auto               ; Auto               ;
; Allow Shift Register Merging across Hierarchies                  ; Auto               ; Auto               ;
; Auto Clock Enable Replacement                                    ; On                 ; On                 ;
; Strict RAM Replacement                                           ; Off                ; Off                ;
; Allow Synchronous Control Signals                                ; On                 ; On                 ;
; Force Use of Synchronous Clear Signals                           ; Off                ; Off                ;
; Auto RAM Block Balancing                                         ; On                 ; On                 ;
; Auto RAM to Logic Cell Conversion                                ; Off                ; Off                ;
; Auto Resource Sharing                                            ; Off                ; Off                ;
; Allow Any RAM Size For Recognition                               ; Off                ; Off                ;
; Allow Any ROM Size For Recognition                               ; Off                ; Off                ;
; Allow Any Shift Register Size For Recognition                    ; Off                ; Off                ;
; Use LogicLock Constraints during Resource Balancing              ; On                 ; On                 ;
; Ignore translate_off and synthesis_off directives                ; Off                ; Off                ;
; Timing-Driven Synthesis                                          ; On                 ; On                 ;
; Report Parameter Settings                                        ; On                 ; On                 ;
; Report Source Assignments                                        ; On                 ; On                 ;
; Report Connectivity Checks                                       ; On                 ; On                 ;
; Ignore Maximum Fan-Out Assignments                               ; Off                ; Off                ;
; Synchronization Register Chain Length                            ; 2                  ; 2                  ;
; Power Optimization During Synthesis                              ; Normal compilation ; Normal compilation ;
; HDL message level                                                ; Level2             ; Level2             ;
; Suppress Register Optimization Related Messages                  ; Off                ; Off                ;
; Number of Removed Registers Reported in Synthesis Report         ; 5000               ; 5000               ;
; Number of Swept Nodes Reported in Synthesis Report               ; 5000               ; 5000               ;
; Number of Inverted Registers Reported in Synthesis Report        ; 100                ; 100                ;
; Clock MUX Protection                                             ; On                 ; On                 ;
; Auto Gated Clock Conversion                                      ; Off                ; Off                ;
; Block Design Naming                                              ; Auto               ; Auto               ;
; SDC constraint protection                                        ; Off                ; Off                ;
; Synthesis Effort                                                 ; Auto               ; Auto               ;
; Shift Register Replacement - Allow Asynchronous Clear Signal     ; On                 ; On                 ;
; Pre-Mapping Resynthesis Optimization                             ; Off                ; Off                ;
; Analysis & Synthesis Message Level                               ; Medium             ; Medium             ;
; Disable Register Merging Across Hierarchies                      ; Auto               ; Auto               ;
; Resource Aware Inference For Block RAM                           ; On                 ; On                 ;
+------------------------------------------------------------------+--------------------+--------------------+


+------------------------------------------+
; Parallel Compilation                     ;
+----------------------------+-------------+
; Processors                 ; Number      ;
+----------------------------+-------------+
; Number detected on machine ; 8           ;
; Maximum allowed            ; 4           ;
;                            ;             ;
; Average used               ; 1.00        ;
; Maximum used               ; 1           ;
;                            ;             ;
; Usage by Processor         ; % Time Used ;
;     Processor 1            ; 100.0%      ;
+----------------------------+-------------+


+-------------------------------------------------------------------------------------------------------------------------------------------------------------------------+
; Analysis & Synthesis Source Files Read                                                                                                                                  ;
+----------------------------------+-----------------+------------------------------+---------------------------------------------------------------------------+---------+
; File Name with User-Entered Path ; Used in Netlist ; File Type                    ; File Name with Absolute Path                                              ; Library ;
+----------------------------------+-----------------+------------------------------+---------------------------------------------------------------------------+---------+
; top.v                            ; yes             ; User Verilog HDL File        ; C:/Users/tahir/Desktop/IP catalog/top.v                                   ;         ;
; modules.v                        ; yes             ; User Verilog HDL File        ; C:/Users/tahir/Desktop/IP catalog/modules.v                               ;         ;
; mult1.v                          ; yes             ; User Wizard-Generated File   ; C:/Users/tahir/Desktop/IP catalog/mult1.v                                 ;         ;
; mux1.v                           ; yes             ; User Wizard-Generated File   ; C:/Users/tahir/Desktop/IP catalog/mux1.v                                  ;         ;
; lpm_mult.tdf                     ; yes             ; Megafunction                 ; c:/intelfpga_lite/18.0/quartus/libraries/megafunctions/lpm_mult.tdf       ;         ;
; aglobal180.inc                   ; yes             ; Megafunction                 ; c:/intelfpga_lite/18.0/quartus/libraries/megafunctions/aglobal180.inc     ;         ;
; lpm_add_sub.inc                  ; yes             ; Megafunction                 ; c:/intelfpga_lite/18.0/quartus/libraries/megafunctions/lpm_add_sub.inc    ;         ;
; multcore.inc                     ; yes             ; Megafunction                 ; c:/intelfpga_lite/18.0/quartus/libraries/megafunctions/multcore.inc       ;         ;
; bypassff.inc                     ; yes             ; Megafunction                 ; c:/intelfpga_lite/18.0/quartus/libraries/megafunctions/bypassff.inc       ;         ;
; altshift.inc                     ; yes             ; Megafunction                 ; c:/intelfpga_lite/18.0/quartus/libraries/megafunctions/altshift.inc       ;         ;
; db/mult_09q.tdf                  ; yes             ; Auto-Generated Megafunction  ; C:/Users/tahir/Desktop/IP catalog/db/mult_09q.tdf                         ;         ;
; lpm_mux.tdf                      ; yes             ; Megafunction                 ; c:/intelfpga_lite/18.0/quartus/libraries/megafunctions/lpm_mux.tdf        ;         ;
; muxlut.inc                       ; yes             ; Megafunction                 ; c:/intelfpga_lite/18.0/quartus/libraries/megafunctions/muxlut.inc         ;         ;
; db/mux_46c.tdf                   ; yes             ; Auto-Generated Megafunction  ; C:/Users/tahir/Desktop/IP catalog/db/mux_46c.tdf                          ;         ;
; multcore.tdf                     ; yes             ; Megafunction                 ; c:/intelfpga_lite/18.0/quartus/libraries/megafunctions/multcore.tdf       ;         ;
; csa_add.inc                      ; yes             ; Megafunction                 ; c:/intelfpga_lite/18.0/quartus/libraries/megafunctions/csa_add.inc        ;         ;
; mpar_add.inc                     ; yes             ; Megafunction                 ; c:/intelfpga_lite/18.0/quartus/libraries/megafunctions/mpar_add.inc       ;         ;
; muleabz.inc                      ; yes             ; Megafunction                 ; c:/intelfpga_lite/18.0/quartus/libraries/megafunctions/muleabz.inc        ;         ;
; mul_lfrg.inc                     ; yes             ; Megafunction                 ; c:/intelfpga_lite/18.0/quartus/libraries/megafunctions/mul_lfrg.inc       ;         ;
; mul_boothc.inc                   ; yes             ; Megafunction                 ; c:/intelfpga_lite/18.0/quartus/libraries/megafunctions/mul_boothc.inc     ;         ;
; alt_ded_mult.inc                 ; yes             ; Megafunction                 ; c:/intelfpga_lite/18.0/quartus/libraries/megafunctions/alt_ded_mult.inc   ;         ;
; alt_ded_mult_y.inc               ; yes             ; Megafunction                 ; c:/intelfpga_lite/18.0/quartus/libraries/megafunctions/alt_ded_mult_y.inc ;         ;
; dffpipe.inc                      ; yes             ; Megafunction                 ; c:/intelfpga_lite/18.0/quartus/libraries/megafunctions/dffpipe.inc        ;         ;
; altshift.tdf                     ; yes             ; Megafunction                 ; c:/intelfpga_lite/18.0/quartus/libraries/megafunctions/altshift.tdf       ;         ;
+----------------------------------+-----------------+------------------------------+---------------------------------------------------------------------------+---------+


+------------------------------------------------------------+
; Analysis & Synthesis Resource Usage Summary                ;
+---------------------------------------------+--------------+
; Resource                                    ; Usage        ;
+---------------------------------------------+--------------+
; Estimated Total logic elements              ; 9            ;
;                                             ;              ;
; Total combinational functions               ; 9            ;
; Logic element usage by number of LUT inputs ;              ;
;     -- 4 input functions                    ; 5            ;
;     -- 3 input functions                    ; 4            ;
;     -- <=2 input functions                  ; 0            ;
;                                             ;              ;
; Logic elements by mode                      ;              ;
;     -- normal mode                          ; 9            ;
;     -- arithmetic mode                      ; 0            ;
;                                             ;              ;
; Total registers                             ; 0            ;
;     -- Dedicated logic registers            ; 0            ;
;     -- I/O registers                        ; 0            ;
;                                             ;              ;
; I/O pins                                    ; 11           ;
;                                             ;              ;
; Embedded Multiplier 9-bit elements          ; 1            ;
;                                             ;              ;
; Maximum fan-out node                        ; sel[1]~input ;
; Maximum fan-out                             ; 7            ;
; Total fan-out                               ; 52           ;
; Average fan-out                             ; 1.58         ;
+---------------------------------------------+--------------+


+--------------------------------------------------------------------------------------------------------------------------------------------------------------------------------------------------------------------------------------------------------------------------------------------------+
; Analysis & Synthesis Resource Utilization by Entity                                                                                                                                                                                                                                              ;
+-------------------------------------+---------------------+---------------------------+-------------+------------+--------------+---------+-----------+------+--------------+------------+--------------------------------------------------------------------------+-------------+--------------+
; Compilation Hierarchy Node          ; Combinational ALUTs ; Dedicated Logic Registers ; Memory Bits ; UFM Blocks ; DSP Elements ; DSP 9x9 ; DSP 18x18 ; Pins ; Virtual Pins ; ADC blocks ; Full Hierarchy Name                                                      ; Entity Name ; Library Name ;
+-------------------------------------+---------------------+---------------------------+-------------+------------+--------------+---------+-----------+------+--------------+------------+--------------------------------------------------------------------------+-------------+--------------+
; |top                                ; 9 (0)               ; 0 (0)                     ; 0           ; 0          ; 1            ; 1       ; 0         ; 11   ; 0            ; 0          ; |top                                                                     ; top         ; work         ;
;    |mult1:inst_mult|                ; 0 (0)               ; 0 (0)                     ; 0           ; 0          ; 1            ; 1       ; 0         ; 0    ; 0            ; 0          ; |top|mult1:inst_mult                                                     ; mult1       ; work         ;
;       |lpm_mult:lpm_mult_component| ; 0 (0)               ; 0 (0)                     ; 0           ; 0          ; 1            ; 1       ; 0         ; 0    ; 0            ; 0          ; |top|mult1:inst_mult|lpm_mult:lpm_mult_component                         ; lpm_mult    ; work         ;
;          |mult_09q:auto_generated|  ; 0 (0)               ; 0 (0)                     ; 0           ; 0          ; 1            ; 1       ; 0         ; 0    ; 0            ; 0          ; |top|mult1:inst_mult|lpm_mult:lpm_mult_component|mult_09q:auto_generated ; mult_09q    ; work         ;
;    |mux1:inst_mux1|                 ; 9 (0)               ; 0 (0)                     ; 0           ; 0          ; 0            ; 0       ; 0         ; 0    ; 0            ; 0          ; |top|mux1:inst_mux1                                                      ; mux1        ; work         ;
;       |lpm_mux:LPM_MUX_component|   ; 9 (0)               ; 0 (0)                     ; 0           ; 0          ; 0            ; 0       ; 0         ; 0    ; 0            ; 0          ; |top|mux1:inst_mux1|lpm_mux:LPM_MUX_component                            ; lpm_mux     ; work         ;
;          |mux_46c:auto_generated|   ; 9 (9)               ; 0 (0)                     ; 0           ; 0          ; 0            ; 0       ; 0         ; 0    ; 0            ; 0          ; |top|mux1:inst_mux1|lpm_mux:LPM_MUX_component|mux_46c:auto_generated     ; mux_46c     ; work         ;
+-------------------------------------+---------------------+---------------------------+-------------+------------+--------------+---------+-----------+------+--------------+------------+--------------------------------------------------------------------------+-------------+--------------+
Note: For table entries with two numbers listed, the numbers in parentheses indicate the number of resources of the given type used by the specific entity alone. The numbers listed outside of parentheses indicate the total resources of the given type used by the specific entity and all of its sub-entities in the hierarchy.


+-----------------------------------------------------+
; Analysis & Synthesis DSP Block Usage Summary        ;
+---------------------------------------+-------------+
; Statistic                             ; Number Used ;
+---------------------------------------+-------------+
; Simple Multipliers (9-bit)            ; 1           ;
; Simple Multipliers (18-bit)           ; 0           ;
; Embedded Multiplier Blocks            ; --          ;
; Embedded Multiplier 9-bit elements    ; 1           ;
; Signed Embedded Multipliers           ; 0           ;
; Unsigned Embedded Multipliers         ; 1           ;
; Mixed Sign Embedded Multipliers       ; 0           ;
; Variable Sign Embedded Multipliers    ; 0           ;
; Dedicated Input Shift Register Chains ; 0           ;
+---------------------------------------+-------------+
Note: number of Embedded Multiplier Blocks used is only available after a successful fit.


+--------------------------------------------------------------------------------------------------------+
; Analysis & Synthesis IP Cores Summary                                                                  ;
+--------+--------------+---------+--------------+--------------+----------------------+-----------------+
; Vendor ; IP Core Name ; Version ; Release Date ; License Type ; Entity Instance      ; IP Include File ;
+--------+--------------+---------+--------------+--------------+----------------------+-----------------+
; Altera ; LPM_MULT     ; 18.0    ; N/A          ; N/A          ; |top|mult1:inst_mult ; mult1.v         ;
; Altera ; LPM_MUX      ; 18.0    ; N/A          ; N/A          ; |top|mux1:inst_mux1  ; mux1.v          ;
+--------+--------------+---------+--------------+--------------+----------------------+-----------------+


+------------------------------------------------------+
; General Register Statistics                          ;
+----------------------------------------------+-------+
; Statistic                                    ; Value ;
+----------------------------------------------+-------+
; Total registers                              ; 0     ;
; Number of registers using Synchronous Clear  ; 0     ;
; Number of registers using Synchronous Load   ; 0     ;
; Number of registers using Asynchronous Clear ; 0     ;
; Number of registers using Asynchronous Load  ; 0     ;
; Number of registers using Clock Enable       ; 0     ;
; Number of registers using Preset             ; 0     ;
+----------------------------------------------+-------+


+------------------------------------------------------------------------------------------+
; Parameter Settings for User Entity Instance: mult1:inst_mult|lpm_mult:lpm_mult_component ;
+------------------------------------------------+----------+------------------------------+
; Parameter Name                                 ; Value    ; Type                         ;
+------------------------------------------------+----------+------------------------------+
; AUTO_CARRY_CHAINS                              ; ON       ; AUTO_CARRY                   ;
; IGNORE_CARRY_BUFFERS                           ; OFF      ; IGNORE_CARRY                 ;
; AUTO_CASCADE_CHAINS                            ; ON       ; AUTO_CASCADE                 ;
; IGNORE_CASCADE_BUFFERS                         ; OFF      ; IGNORE_CASCADE               ;
; LPM_WIDTHA                                     ; 2        ; Signed Integer               ;
; LPM_WIDTHB                                     ; 2        ; Signed Integer               ;
; LPM_WIDTHP                                     ; 5        ; Signed Integer               ;
; LPM_WIDTHR                                     ; 0        ; Untyped                      ;
; LPM_WIDTHS                                     ; 1        ; Untyped                      ;
; LPM_REPRESENTATION                             ; UNSIGNED ; Untyped                      ;
; LPM_PIPELINE                                   ; 0        ; Untyped                      ;
; LATENCY                                        ; 0        ; Untyped                      ;
; INPUT_A_IS_CONSTANT                            ; NO       ; Untyped                      ;
; INPUT_B_IS_CONSTANT                            ; NO       ; Untyped                      ;
; USE_EAB                                        ; OFF      ; Untyped                      ;
; MAXIMIZE_SPEED                                 ; 5        ; Untyped                      ;
; DEVICE_FAMILY                                  ; MAX 10   ; Untyped                      ;
; CARRY_CHAIN                                    ; MANUAL   ; Untyped                      ;
; APEX20K_TECHNOLOGY_MAPPER                      ; LUT      ; TECH_MAPPER_APEX20K          ;
; DEDICATED_MULTIPLIER_CIRCUITRY                 ; YES      ; Untyped                      ;
; DEDICATED_MULTIPLIER_MIN_INPUT_WIDTH_FOR_AUTO  ; 0        ; Untyped                      ;
; DEDICATED_MULTIPLIER_MIN_OUTPUT_WIDTH_FOR_AUTO ; 0        ; Untyped                      ;
; CBXI_PARAMETER                                 ; mult_09q ; Untyped                      ;
; INPUT_A_FIXED_VALUE                            ; Bx       ; Untyped                      ;
; INPUT_B_FIXED_VALUE                            ; Bx       ; Untyped                      ;
; USE_AHDL_IMPLEMENTATION                        ; OFF      ; Untyped                      ;
+------------------------------------------------+----------+------------------------------+
Note: In order to hide this table in the UI and the text report file, please set the "Show Parameter Settings in Synthesis Report" option in "Analysis and Synthesis Settings -> More Settings" to "Off".


+---------------------------------------------------------------------------------------+
; Parameter Settings for User Entity Instance: mux1:inst_mux1|lpm_mux:LPM_MUX_component ;
+------------------------+---------+----------------------------------------------------+
; Parameter Name         ; Value   ; Type                                               ;
+------------------------+---------+----------------------------------------------------+
; AUTO_CARRY_CHAINS      ; ON      ; AUTO_CARRY                                         ;
; IGNORE_CARRY_BUFFERS   ; OFF     ; IGNORE_CARRY                                       ;
; AUTO_CASCADE_CHAINS    ; ON      ; AUTO_CASCADE                                       ;
; IGNORE_CASCADE_BUFFERS ; OFF     ; IGNORE_CASCADE                                     ;
; LPM_WIDTH              ; 5       ; Signed Integer                                     ;
; LPM_SIZE               ; 4       ; Signed Integer                                     ;
; LPM_WIDTHS             ; 2       ; Signed Integer                                     ;
; LPM_PIPELINE           ; 0       ; Untyped                                            ;
; CBXI_PARAMETER         ; mux_46c ; Untyped                                            ;
; DEVICE_FAMILY          ; MAX 10  ; Untyped                                            ;
+------------------------+---------+----------------------------------------------------+
Note: In order to hide this table in the UI and the text report file, please set the "Show Parameter Settings in Synthesis Report" option in "Analysis and Synthesis Settings -> More Settings" to "Off".


+---------------------------------------------------------------------------------+
; Parameter Settings for Inferred Entity Instance: exp1:inst_exp|lpm_mult:Mult0   ;
+------------------------------------------------+----------+---------------------+
; Parameter Name                                 ; Value    ; Type                ;
+------------------------------------------------+----------+---------------------+
; AUTO_CARRY_CHAINS                              ; ON       ; AUTO_CARRY          ;
; IGNORE_CARRY_BUFFERS                           ; OFF      ; IGNORE_CARRY        ;
; AUTO_CASCADE_CHAINS                            ; ON       ; AUTO_CASCADE        ;
; IGNORE_CASCADE_BUFFERS                         ; OFF      ; IGNORE_CASCADE      ;
; LPM_WIDTHA                                     ; 2        ; Untyped             ;
; LPM_WIDTHB                                     ; 2        ; Untyped             ;
; LPM_WIDTHP                                     ; 4        ; Untyped             ;
; LPM_WIDTHR                                     ; 4        ; Untyped             ;
; LPM_WIDTHS                                     ; 1        ; Untyped             ;
; LPM_REPRESENTATION                             ; UNSIGNED ; Untyped             ;
; LPM_PIPELINE                                   ; 0        ; Untyped             ;
; LATENCY                                        ; 0        ; Untyped             ;
; INPUT_A_IS_CONSTANT                            ; NO       ; Untyped             ;
; INPUT_B_IS_CONSTANT                            ; NO       ; Untyped             ;
; USE_EAB                                        ; OFF      ; Untyped             ;
; MAXIMIZE_SPEED                                 ; 5        ; Untyped             ;
; DEVICE_FAMILY                                  ; MAX 10   ; Untyped             ;
; CARRY_CHAIN                                    ; MANUAL   ; Untyped             ;
; APEX20K_TECHNOLOGY_MAPPER                      ; LUT      ; TECH_MAPPER_APEX20K ;
; DEDICATED_MULTIPLIER_CIRCUITRY                 ; AUTO     ; Untyped             ;
; DEDICATED_MULTIPLIER_MIN_INPUT_WIDTH_FOR_AUTO  ; 0        ; Untyped             ;
; DEDICATED_MULTIPLIER_MIN_OUTPUT_WIDTH_FOR_AUTO ; 0        ; Untyped             ;
; CBXI_PARAMETER                                 ; NOTHING  ; Untyped             ;
; INPUT_A_FIXED_VALUE                            ; Bx       ; Untyped             ;
; INPUT_B_FIXED_VALUE                            ; Bx       ; Untyped             ;
; USE_AHDL_IMPLEMENTATION                        ; OFF      ; Untyped             ;
+------------------------------------------------+----------+---------------------+
Note: In order to hide this table in the UI and the text report file, please set the "Show Parameter Settings in Synthesis Report" option in "Analysis and Synthesis Settings -> More Settings" to "Off".


+-------------------------------------------------------------------------------------+
; lpm_mult Parameter Settings by Entity Instance                                      ;
+---------------------------------------+---------------------------------------------+
; Name                                  ; Value                                       ;
+---------------------------------------+---------------------------------------------+
; Number of entity instances            ; 2                                           ;
; Entity Instance                       ; mult1:inst_mult|lpm_mult:lpm_mult_component ;
;     -- LPM_WIDTHA                     ; 2                                           ;
;     -- LPM_WIDTHB                     ; 2                                           ;
;     -- LPM_WIDTHP                     ; 5                                           ;
;     -- LPM_REPRESENTATION             ; UNSIGNED                                    ;
;     -- INPUT_A_IS_CONSTANT            ; NO                                          ;
;     -- INPUT_B_IS_CONSTANT            ; NO                                          ;
;     -- USE_EAB                        ; OFF                                         ;
;     -- DEDICATED_MULTIPLIER_CIRCUITRY ; YES                                         ;
;     -- INPUT_A_FIXED_VALUE            ; Bx                                          ;
;     -- INPUT_B_FIXED_VALUE            ; Bx                                          ;
; Entity Instance                       ; exp1:inst_exp|lpm_mult:Mult0                ;
;     -- LPM_WIDTHA                     ; 2                                           ;
;     -- LPM_WIDTHB                     ; 2                                           ;
;     -- LPM_WIDTHP                     ; 4                                           ;
;     -- LPM_REPRESENTATION             ; UNSIGNED                                    ;
;     -- INPUT_A_IS_CONSTANT            ; NO                                          ;
;     -- INPUT_B_IS_CONSTANT            ; NO                                          ;
;     -- USE_EAB                        ; OFF                                         ;
;     -- DEDICATED_MULTIPLIER_CIRCUITRY ; AUTO                                        ;
;     -- INPUT_A_FIXED_VALUE            ; Bx                                          ;
;     -- INPUT_B_FIXED_VALUE            ; Bx                                          ;
+---------------------------------------+---------------------------------------------+


+-----------------------------------------------------+
; Post-Synthesis Netlist Statistics for Top Partition ;
+-----------------------+-----------------------------+
; Type                  ; Count                       ;
+-----------------------+-----------------------------+
; boundary_port         ; 11                          ;
; cycloneiii_lcell_comb ; 10                          ;
;     normal            ; 10                          ;
;         0 data inputs ; 1                           ;
;         3 data inputs ; 4                           ;
;         4 data inputs ; 5                           ;
; cycloneiii_mac_mult   ; 1                           ;
; cycloneiii_mac_out    ; 1                           ;
;                       ;                             ;
; Max LUT depth         ; 2.00                        ;
; Average LUT depth     ; 1.50                        ;
+-----------------------+-----------------------------+


+-------------------------------+
; Elapsed Time Per Partition    ;
+----------------+--------------+
; Partition Name ; Elapsed Time ;
+----------------+--------------+
; Top            ; 00:00:00     ;
+----------------+--------------+


+-------------------------------+
; Analysis & Synthesis Messages ;
+-------------------------------+
Info: *******************************************************************
Info: Running Quartus Prime Analysis & Synthesis
    Info: Version 18.0.0 Build 614 04/24/2018 SJ Lite Edition
    Info: Processing started: Sun May 31 14:28:03 2020
Info: Command: quartus_map --read_settings_files=on --write_settings_files=off IP_catalog -c top
Warning (18236): Number of processors has not been specified which may cause overloading on shared machines.  Set the global assignment NUM_PARALLEL_PROCESSORS in your QSF to an appropriate value for best performance.
Info (20030): Parallel compilation is enabled and will use 4 of the 4 processors detected
Info (12021): Found 1 design units, including 1 entities, in source file top.v
    Info (12023): Found entity 1: top File: C:/Users/tahir/Desktop/IP catalog/top.v Line: 2
Info (12021): Found 1 design units, including 1 entities, in source file tb.v
    Info (12023): Found entity 1: tb File: C:/Users/tahir/Desktop/IP catalog/tb.v Line: 3
Info (12021): Found 3 design units, including 3 entities, in source file modules.v
    Info (12023): Found entity 1: exp1 File: C:/Users/tahir/Desktop/IP catalog/modules.v Line: 2
    Info (12023): Found entity 2: and1 File: C:/Users/tahir/Desktop/IP catalog/modules.v Line: 13
    Info (12023): Found entity 3: cat1 File: C:/Users/tahir/Desktop/IP catalog/modules.v Line: 24
Info (12021): Found 1 design units, including 1 entities, in source file mult1.v
    Info (12023): Found entity 1: mult1 File: C:/Users/tahir/Desktop/IP catalog/mult1.v Line: 39
Info (12021): Found 1 design units, including 1 entities, in source file mux1.v
    Info (12023): Found entity 1: mux1 File: C:/Users/tahir/Desktop/IP catalog/mux1.v Line: 39
Info (12127): Elaborating entity "top" for the top level hierarchy
Info (12128): Elaborating entity "exp1" for hierarchy "exp1:inst_exp" File: C:/Users/tahir/Desktop/IP catalog/top.v Line: 9
Info (12128): Elaborating entity "and1" for hierarchy "and1:inst_and" File: C:/Users/tahir/Desktop/IP catalog/top.v Line: 15
Info (12128): Elaborating entity "cat1" for hierarchy "cat1:inst_cat" File: C:/Users/tahir/Desktop/IP catalog/top.v Line: 21
Info (12128): Elaborating entity "mult1" for hierarchy "mult1:inst_mult" File: C:/Users/tahir/Desktop/IP catalog/top.v Line: 23
Info (12128): Elaborating entity "lpm_mult" for hierarchy "mult1:inst_mult|lpm_mult:lpm_mult_component" File: C:/Users/tahir/Desktop/IP catalog/mult1.v Line: 59
Info (12130): Elaborated megafunction instantiation "mult1:inst_mult|lpm_mult:lpm_mult_component" File: C:/Users/tahir/Desktop/IP catalog/mult1.v Line: 59
Info (12133): Instantiated megafunction "mult1:inst_mult|lpm_mult:lpm_mult_component" with the following parameter: File: C:/Users/tahir/Desktop/IP catalog/mult1.v Line: 59
    Info (12134): Parameter "lpm_hint" = "DEDICATED_MULTIPLIER_CIRCUITRY=YES,MAXIMIZE_SPEED=5"
    Info (12134): Parameter "lpm_representation" = "UNSIGNED"
    Info (12134): Parameter "lpm_type" = "LPM_MULT"
    Info (12134): Parameter "lpm_widtha" = "2"
    Info (12134): Parameter "lpm_widthb" = "2"
    Info (12134): Parameter "lpm_widthp" = "5"
Info (12021): Found 1 design units, including 1 entities, in source file db/mult_09q.tdf
    Info (12023): Found entity 1: mult_09q File: C:/Users/tahir/Desktop/IP catalog/db/mult_09q.tdf Line: 28
Info (12128): Elaborating entity "mult_09q" for hierarchy "mult1:inst_mult|lpm_mult:lpm_mult_component|mult_09q:auto_generated" File: c:/intelfpga_lite/18.0/quartus/libraries/megafunctions/lpm_mult.tdf Line: 376
Info (12128): Elaborating entity "mux1" for hierarchy "mux1:inst_mux1" File: C:/Users/tahir/Desktop/IP catalog/top.v Line: 26
Info (12128): Elaborating entity "lpm_mux" for hierarchy "mux1:inst_mux1|lpm_mux:LPM_MUX_component" File: C:/Users/tahir/Desktop/IP catalog/mux1.v Line: 72
Info (12130): Elaborated megafunction instantiation "mux1:inst_mux1|lpm_mux:LPM_MUX_component" File: C:/Users/tahir/Desktop/IP catalog/mux1.v Line: 72
Info (12133): Instantiated megafunction "mux1:inst_mux1|lpm_mux:LPM_MUX_component" with the following parameter: File: C:/Users/tahir/Desktop/IP catalog/mux1.v Line: 72
    Info (12134): Parameter "lpm_size" = "4"
    Info (12134): Parameter "lpm_type" = "LPM_MUX"
    Info (12134): Parameter "lpm_width" = "5"
    Info (12134): Parameter "lpm_widths" = "2"
Info (12021): Found 1 design units, including 1 entities, in source file db/mux_46c.tdf
    Info (12023): Found entity 1: mux_46c File: C:/Users/tahir/Desktop/IP catalog/db/mux_46c.tdf Line: 22
Info (12128): Elaborating entity "mux_46c" for hierarchy "mux1:inst_mux1|lpm_mux:LPM_MUX_component|mux_46c:auto_generated" File: c:/intelfpga_lite/18.0/quartus/libraries/megafunctions/lpm_mux.tdf Line: 86
Info (278001): Inferred 1 megafunctions from design logic
    Info (278003): Inferred multiplier megafunction ("lpm_mult") from the following logic: "exp1:inst_exp|Mult0" File: C:/Users/tahir/Desktop/IP catalog/modules.v Line: 7
Info (12130): Elaborated megafunction instantiation "exp1:inst_exp|lpm_mult:Mult0" File: C:/Users/tahir/Desktop/IP catalog/modules.v Line: 7
Info (12133): Instantiated megafunction "exp1:inst_exp|lpm_mult:Mult0" with the following parameter: File: C:/Users/tahir/Desktop/IP catalog/modules.v Line: 7
    Info (12134): Parameter "LPM_WIDTHA" = "2"
    Info (12134): Parameter "LPM_WIDTHB" = "2"
    Info (12134): Parameter "LPM_WIDTHP" = "4"
    Info (12134): Parameter "LPM_WIDTHR" = "4"
    Info (12134): Parameter "LPM_WIDTHS" = "1"
    Info (12134): Parameter "LPM_REPRESENTATION" = "UNSIGNED"
    Info (12134): Parameter "INPUT_A_IS_CONSTANT" = "NO"
    Info (12134): Parameter "INPUT_B_IS_CONSTANT" = "NO"
    Info (12134): Parameter "MAXIMIZE_SPEED" = "5"
Info (12131): Elaborated megafunction instantiation "exp1:inst_exp|lpm_mult:Mult0|multcore:mult_core", which is child of megafunction instantiation "exp1:inst_exp|lpm_mult:Mult0" File: c:/intelfpga_lite/18.0/quartus/libraries/megafunctions/lpm_mult.tdf Line: 323
Info (12131): Elaborated megafunction instantiation "exp1:inst_exp|lpm_mult:Mult0|altshift:external_latency_ffs", which is child of megafunction instantiation "exp1:inst_exp|lpm_mult:Mult0" File: c:/intelfpga_lite/18.0/quartus/libraries/megafunctions/lpm_mult.tdf Line: 351
Warning (13024): Output pins are stuck at VCC or GND
    Warning (13410): Pin "outa[4]" is stuck at GND File: C:/Users/tahir/Desktop/IP catalog/top.v Line: 4
Info (286030): Timing-Driven Synthesis is running
Info (16010): Generating hard_block partition "hard_block:auto_generated_inst"
    Info (16011): Adding 0 node(s), including 0 DDIO, 0 PLL, 0 transceiver and 0 LCELL
Info (21057): Implemented 21 device resources after synthesis - the final resource count might be different
    Info (21058): Implemented 6 input pins
    Info (21059): Implemented 5 output pins
    Info (21061): Implemented 9 logic cells
    Info (21062): Implemented 1 DSP elements
Info: Quartus Prime Analysis & Synthesis was successful. 0 errors, 3 warnings
    Info: Peak virtual memory: 4766 megabytes
    Info: Processing ended: Sun May 31 14:28:18 2020
    Info: Elapsed time: 00:00:15
    Info: Total CPU time (on all processors): 00:00:34


