Flow report for UART
Sun Jun 21 12:12:30 2020
Quartus Prime Version 18.0.0 Build 614 04/24/2018 SJ Lite Edition


---------------------
; Table of Contents ;
---------------------
  1. Legal Notice
  2. Flow Summary
  3. Flow Settings
  4. Flow Non-Default Global Settings
  5. Flow Elapsed Time
  6. Flow OS Summary
  7. Flow Log
  8. Flow Messages
  9. Flow Suppressed Messages



----------------
; Legal Notice ;
----------------
Copyright (C) 2018  Intel Corporation. All rights reserved.
Your use of Intel Corporation's design tools, logic functions 
and other software and tools, and its AMPP partner logic 
functions, and any output files from any of the foregoing 
(including device programming or simulation files), and any 
associated documentation or information are expressly subject 
to the terms and conditions of the Intel Program License 
Subscription Agreement, the Intel Quartus Prime License Agreement,
the Intel FPGA IP License Agreement, or other applicable license
agreement, including, without limitation, that your use is for
the sole purpose of programming logic devices manufactured by
Intel and sold by Intel or its authorized distributors.  Please
refer to the applicable agreement for further details.



+----------------------------------------------------------------------------------+
; Flow Summary                                                                     ;
+------------------------------------+---------------------------------------------+
; Flow Status                        ; Successful - Sun Jun 21 12:12:25 2020       ;
; Quartus Prime Version              ; 18.0.0 Build 614 04/24/2018 SJ Lite Edition ;
; Revision Name                      ; UART                                        ;
; Top-level Entity Name              ; UART                                        ;
; Family                             ; MAX 10                                      ;
; Device                             ; 10M08SAU169C8G                              ;
; Timing Models                      ; Final                                       ;
; Total logic elements               ; 106 / 8,064 ( 1 % )                         ;
;     Total combinational functions  ; 97 / 8,064 ( 1 % )                          ;
;     Dedicated logic registers      ; 65 / 8,064 ( < 1 % )                        ;
; Total registers                    ; 65                                          ;
; Total pins                         ; 12 / 130 ( 9 % )                            ;
; Total virtual pins                 ; 0                                           ;
; Total memory bits                  ; 0 / 387,072 ( 0 % )                         ;
; Embedded Multiplier 9-bit elements ; 0 / 48 ( 0 % )                              ;
; Total PLLs                         ; 0 / 1 ( 0 % )                               ;
; UFM blocks                         ; 0 / 1 ( 0 % )                               ;
; ADC blocks                         ; 0 / 1 ( 0 % )                               ;
+------------------------------------+---------------------------------------------+


+-----------------------------------------+
; Flow Settings                           ;
+-------------------+---------------------+
; Option            ; Setting             ;
+-------------------+---------------------+
; Start date & time ; 06/21/2020 12:11:58 ;
; Main task         ; Compilation         ;
; Revision Name     ; UART                ;
+-------------------+---------------------+


+-------------------------------------------------------------------------------------------------------------------------+
; Flow Non-Default Global Settings                                                                                        ;
+-------------------------------------+----------------------------------------+---------------+-------------+------------+
; Assignment Name                     ; Value                                  ; Default Value ; Entity Name ; Section Id ;
+-------------------------------------+----------------------------------------+---------------+-------------+------------+
; COMPILER_SIGNATURE_ID               ; 141734666722103.159273431727432        ; --            ; --          ; --         ;
; FLOW_ENABLE_POWER_ANALYZER          ; On                                     ; Off           ; --          ; --         ;
; MAX_CORE_JUNCTION_TEMP              ; 85                                     ; --            ; --          ; --         ;
; MIN_CORE_JUNCTION_TEMP              ; 0                                      ; --            ; --          ; --         ;
; PARTITION_COLOR                     ; -- (Not supported for targeted family) ; --            ; --          ; Top        ;
; PARTITION_COLOR                     ; -- (Not supported for targeted family) ; --            ; UART_Rx     ; Top        ;
; PARTITION_FITTER_PRESERVATION_LEVEL ; -- (Not supported for targeted family) ; --            ; --          ; Top        ;
; PARTITION_FITTER_PRESERVATION_LEVEL ; -- (Not supported for targeted family) ; --            ; UART_Rx     ; Top        ;
; PARTITION_NETLIST_TYPE              ; -- (Not supported for targeted family) ; --            ; --          ; Top        ;
; PARTITION_NETLIST_TYPE              ; -- (Not supported for targeted family) ; --            ; UART_Rx     ; Top        ;
; POWER_BOARD_THERMAL_MODEL           ; None (CONSERVATIVE)                    ; --            ; --          ; --         ;
; POWER_DEFAULT_INPUT_IO_TOGGLE_RATE  ; 12.5 %                                 ; 12.5%         ; --          ; --         ;
; POWER_PRESET_COOLING_SOLUTION       ; 23 MM HEAT SINK WITH 200 LFPM AIRFLOW  ; --            ; --          ; --         ;
; PROJECT_OUTPUT_DIRECTORY            ; output_files                           ; --            ; --          ; --         ;
+-------------------------------------+----------------------------------------+---------------+-------------+------------+


+--------------------------------------------------------------------------------------------------------------------------+
; Flow Elapsed Time                                                                                                        ;
+----------------------+--------------+-------------------------+---------------------+------------------------------------+
; Module Name          ; Elapsed Time ; Average Processors Used ; Peak Virtual Memory ; Total CPU Time (on all processors) ;
+----------------------+--------------+-------------------------+---------------------+------------------------------------+
; Analysis & Synthesis ; 00:00:14     ; 1.0                     ; 4784 MB             ; 00:00:33                           ;
; Fitter               ; 00:00:07     ; 1.0                     ; 5550 MB             ; 00:00:08                           ;
; Assembler            ; 00:00:01     ; 1.0                     ; 4677 MB             ; 00:00:01                           ;
; Power Analyzer       ; 00:00:02     ; 1.0                     ; 4825 MB             ; 00:00:02                           ;
; Timing Analyzer      ; 00:00:03     ; 1.0                     ; 4779 MB             ; 00:00:03                           ;
; Total                ; 00:00:27     ; --                      ; --                  ; 00:00:47                           ;
+----------------------+--------------+-------------------------+---------------------+------------------------------------+


+------------------------------------------------------------------------------------+
; Flow OS Summary                                                                    ;
+----------------------+------------------+------------+------------+----------------+
; Module Name          ; Machine Hostname ; OS Name    ; OS Version ; Processor type ;
+----------------------+------------------+------------+------------+----------------+
; Analysis & Synthesis ; LAPTOP-4JAK7P19  ; Windows 10 ; 10.0       ; x86_64         ;
; Fitter               ; LAPTOP-4JAK7P19  ; Windows 10 ; 10.0       ; x86_64         ;
; Assembler            ; LAPTOP-4JAK7P19  ; Windows 10 ; 10.0       ; x86_64         ;
; Power Analyzer       ; LAPTOP-4JAK7P19  ; Windows 10 ; 10.0       ; x86_64         ;
; Timing Analyzer      ; LAPTOP-4JAK7P19  ; Windows 10 ; 10.0       ; x86_64         ;
+----------------------+------------------+------------+------------+----------------+


------------
; Flow Log ;
------------
quartus_map --read_settings_files=on --write_settings_files=off UART -c UART
quartus_fit --read_settings_files=off --write_settings_files=off UART -c UART
quartus_asm --read_settings_files=off --write_settings_files=off UART -c UART
quartus_pow --read_settings_files=off --write_settings_files=off UART -c UART
quartus_sta UART -c UART



