#-----------------------------------------------------------
# Vivado v2019.2 (64-bit)
# SW Build 2708876 on Wed Nov  6 21:40:23 MST 2019
# IP Build 2700528 on Thu Nov  7 00:09:20 MST 2019
# Start of session at: Sat Oct  3 15:38:37 2020
# Process ID: 7640
# Current directory: C:/Users/tahir/Desktop/Xilinx-BRAM/BRAM
# Command line: vivado.exe -gui_launcher_event rodinguilauncherevent16020 C:\Users\tahir\Desktop\Xilinx-BRAM\BRAM\BRAM.xpr
# Log file: C:/Users/tahir/Desktop/Xilinx-BRAM/BRAM/vivado.log
# Journal file: C:/Users/tahir/Desktop/Xilinx-BRAM/BRAM\vivado.jou
#-----------------------------------------------------------
start_gui
open_project C:/Users/tahir/Desktop/Xilinx-BRAM/BRAM/BRAM.xpr
Scanning sources...
Finished scanning sources
INFO: [IP_Flow 19-234] Refreshing IP repositories
INFO: [IP_Flow 19-1704] No user IP repositories specified
INFO: [IP_Flow 19-2313] Loaded Vivado IP repository 'C:/Xilinx/Vivado/2019.2/data/ip'.
WARNING: [IP_Flow 19-2162] IP 'blk_mem_gen_0' is locked:
* IP definition 'Block Memory Generator (8.4)' for IP 'blk_mem_gen_0' (customized with software release 2019.1) has a different revision in the IP Catalog.
INFO: [Project 1-230] Project 'BRAM.xpr' upgraded for this version of Vivado.
open_project: Time (s): cpu = 00:00:38 ; elapsed = 00:00:16 . Memory (MB): peak = 780.801 ; gain = 134.359
update_compile_order -fileset sources_1
reset_run synth_1
launch_runs synth_1 -jobs 4
INFO: [Vivado 12-4149] The synthesis checkpoint for IP 'C:/Users/tahir/Desktop/Xilinx-BRAM/BRAM/BRAM.srcs/sources_1/ip/blk_mem_gen_0/blk_mem_gen_0.xci' is already up-to-date
[Sat Oct  3 15:43:00 2020] Launched synth_1...
Run output will be captured here: C:/Users/tahir/Desktop/Xilinx-BRAM/BRAM/BRAM.runs/synth_1/runme.log
export_ip_user_files -of_objects  [get_files C:/Users/tahir/Desktop/Xilinx-BRAM/BRAM/BRAM.srcs/sources_1/ip/blk_mem_gen_0/blk_mem_gen_0.xci] -no_script -reset -force -quiet
remove_files  C:/Users/tahir/Desktop/Xilinx-BRAM/BRAM/BRAM.srcs/sources_1/ip/blk_mem_gen_0/blk_mem_gen_0.xci
WARNING: [IP_Flow 19-4067] Ignoring invalid widget type specified checkbox.Providing a default widget
WARNING: [IP_Flow 19-4067] Ignoring invalid widget type specified checkbox.Providing a default widget
create_ip -name blk_mem_gen -vendor xilinx.com -library ip -version 8.4 -module_name blk_mem_gen_0 -dir c:/Users/tahir/Desktop/Xilinx-BRAM/BRAM/BRAM.srcs/sources_1/ip
set_property -dict [list CONFIG.Write_Width_A {8} CONFIG.Write_Depth_A {8} CONFIG.Read_Width_A {8} CONFIG.Enable_A {Always_Enabled} CONFIG.Write_Width_B {8} CONFIG.Read_Width_B {8} CONFIG.Use_RSTA_Pin {true} CONFIG.EN_SAFETY_CKT {true}] [get_ips blk_mem_gen_0]
generate_target {instantiation_template} [get_files c:/Users/tahir/Desktop/Xilinx-BRAM/BRAM/BRAM.srcs/sources_1/ip/blk_mem_gen_0/blk_mem_gen_0.xci]
INFO: [IP_Flow 19-1686] Generating 'Instantiation Template' target for IP 'blk_mem_gen_0'...
update_compile_order -fileset sources_1
generate_target all [get_files  c:/Users/tahir/Desktop/Xilinx-BRAM/BRAM/BRAM.srcs/sources_1/ip/blk_mem_gen_0/blk_mem_gen_0.xci]
INFO: [IP_Flow 19-1686] Generating 'Synthesis' target for IP 'blk_mem_gen_0'...
INFO: [IP_Flow 19-1686] Generating 'Simulation' target for IP 'blk_mem_gen_0'...
INFO: [IP_Flow 19-1686] Generating 'Miscellaneous' target for IP 'blk_mem_gen_0'...
INFO: [IP_Flow 19-1686] Generating 'Change Log' target for IP 'blk_mem_gen_0'...
catch { config_ip_cache -export [get_ips -all blk_mem_gen_0] }
export_ip_user_files -of_objects [get_files c:/Users/tahir/Desktop/Xilinx-BRAM/BRAM/BRAM.srcs/sources_1/ip/blk_mem_gen_0/blk_mem_gen_0.xci] -no_script -sync -force -quiet
create_ip_run [get_files -of_objects [get_fileset sources_1] c:/Users/tahir/Desktop/Xilinx-BRAM/BRAM/BRAM.srcs/sources_1/ip/blk_mem_gen_0/blk_mem_gen_0.xci]
launch_runs -jobs 4 blk_mem_gen_0_synth_1
[Sat Oct  3 15:58:11 2020] Launched blk_mem_gen_0_synth_1...
Run output will be captured here: C:/Users/tahir/Desktop/Xilinx-BRAM/BRAM/BRAM.runs/blk_mem_gen_0_synth_1/runme.log
export_simulation -of_objects [get_files c:/Users/tahir/Desktop/Xilinx-BRAM/BRAM/BRAM.srcs/sources_1/ip/blk_mem_gen_0/blk_mem_gen_0.xci] -directory C:/Users/tahir/Desktop/Xilinx-BRAM/BRAM/BRAM.ip_user_files/sim_scripts -ip_user_files_dir C:/Users/tahir/Desktop/Xilinx-BRAM/BRAM/BRAM.ip_user_files -ipstatic_source_dir C:/Users/tahir/Desktop/Xilinx-BRAM/BRAM/BRAM.ip_user_files/ipstatic -lib_map_path [list {modelsim=C:/Users/tahir/Desktop/Xilinx-BRAM/BRAM/BRAM.cache/compile_simlib/modelsim} {questa=C:/Users/tahir/Desktop/Xilinx-BRAM/BRAM/BRAM.cache/compile_simlib/questa} {riviera=C:/Users/tahir/Desktop/Xilinx-BRAM/BRAM/BRAM.cache/compile_simlib/riviera} {activehdl=C:/Users/tahir/Desktop/Xilinx-BRAM/BRAM/BRAM.cache/compile_simlib/activehdl}] -use_ip_compiled_libs -force -quiet
