#-----------------------------------------------------------
# Vivado v2019.2 (64-bit)
# SW Build 2708876 on Wed Nov  6 21:40:23 MST 2019
# IP Build 2700528 on Thu Nov  7 00:09:20 MST 2019
# Start of session at: Sun Sep 27 13:39:22 2020
# Process ID: 6792
# Current directory: C:/Users/tahir/Desktop/Xilinx_Counter_for_Arty_S7_25
# Command line: vivado.exe -gui_launcher_event rodinguilauncherevent14968 C:\Users\tahir\Desktop\Xilinx_Counter_for_Arty_S7_25\Counter.xpr
# Log file: C:/Users/tahir/Desktop/Xilinx_Counter_for_Arty_S7_25/vivado.log
# Journal file: C:/Users/tahir/Desktop/Xilinx_Counter_for_Arty_S7_25\vivado.jou
#-----------------------------------------------------------
start_gui
open_project C:/Users/tahir/Desktop/Xilinx_Counter_for_Arty_S7_25/Counter.xpr
Scanning sources...
Finished scanning sources
INFO: [Common 17-41] Interrupt caught. Command should exit soon.
INFO: [IP_Flow 19-234] Refreshing IP repositories
INFO: [IP_Flow 19-1704] No user IP repositories specified
INFO: [IP_Flow 19-2338] Canceling the changes to the IP catalog. Reverting the catalog back to its previous state.
INFO: [IP_Flow 19-2340] The IP catalog has been returned to its previous state.
INFO: [Common 17-344] 'open_project' was cancelled
_order -fileset sources_1
reset_run synth_1
reset_runs: Time (s): cpu = 00:00:17 ; elapsed = 00:00:05 . Memory (MB): peak = 825.734 ; gain = 0.000
launch_runs synth_1 -jobs 4
[Sun Sep 27 13:41:57 2020] Launched synth_1...
Run output will be captured here: C:/Users/tahir/Desktop/Xilinx_Counter_for_Arty_S7_25/Counter.runs/synth_1/runme.log
launch_runs: Time (s): cpu = 00:00:10 ; elapsed = 00:00:05 . Memory (MB): peak = 825.734 ; gain = 0.000
reset_run synth_1
