Flow report for top_free_running
Fri Jun 05 21:02:08 2020
Quartus Prime Version 18.0.0 Build 614 04/24/2018 SJ Lite Edition


---------------------
; Table of Contents ;
---------------------
  1. Legal Notice
  2. Flow Summary
  3. Flow Settings
  4. Flow Non-Default Global Settings
  5. Flow Elapsed Time
  6. Flow OS Summary
  7. Flow Log
  8. Flow Messages
  9. Flow Suppressed Messages



----------------
; Legal Notice ;
----------------
Copyright (C) 2018  Intel Corporation. All rights reserved.
Your use of Intel Corporation's design tools, logic functions 
and other software and tools, and its AMPP partner logic 
functions, and any output files from any of the foregoing 
(including device programming or simulation files), and any 
associated documentation or information are expressly subject 
to the terms and conditions of the Intel Program License 
Subscription Agreement, the Intel Quartus Prime License Agreement,
the Intel FPGA IP License Agreement, or other applicable license
agreement, including, without limitation, that your use is for
the sole purpose of programming logic devices manufactured by
Intel and sold by Intel or its authorized distributors.  Please
refer to the applicable agreement for further details.



+----------------------------------------------------------------------------------+
; Flow Summary                                                                     ;
+------------------------------------+---------------------------------------------+
; Flow Status                        ; Successful - Fri Jun 05 21:02:08 2020       ;
; Quartus Prime Version              ; 18.0.0 Build 614 04/24/2018 SJ Lite Edition ;
; Revision Name                      ; top_free_running                            ;
; Top-level Entity Name              ; top                                         ;
; Family                             ; MAX 10                                      ;
; Device                             ; 10M08SAU169C8G                              ;
; Timing Models                      ; Final                                       ;
; Total logic elements               ; 51 / 8,064 ( < 1 % )                        ;
;     Total combinational functions  ; 40 / 8,064 ( < 1 % )                        ;
;     Dedicated logic registers      ; 38 / 8,064 ( < 1 % )                        ;
; Total registers                    ; 38                                          ;
; Total pins                         ; 10 / 130 ( 8 % )                            ;
; Total virtual pins                 ; 0                                           ;
; Total memory bits                  ; 0 / 387,072 ( 0 % )                         ;
; Embedded Multiplier 9-bit elements ; 0 / 48 ( 0 % )                              ;
; Total PLLs                         ; 0 / 1 ( 0 % )                               ;
; UFM blocks                         ; 0 / 1 ( 0 % )                               ;
; ADC blocks                         ; 0 / 1 ( 0 % )                               ;
+------------------------------------+---------------------------------------------+


+-----------------------------------------+
; Flow Settings                           ;
+-------------------+---------------------+
; Option            ; Setting             ;
+-------------------+---------------------+
; Start date & time ; 06/05/2020 21:01:33 ;
; Main task         ; Compilation         ;
; Revision Name     ; top_free_running    ;
+-------------------+---------------------+


+---------------------------------------------------------------------------------------------------------------------------------+
; Flow Non-Default Global Settings                                                                                                ;
+--------------------------------------+----------------------------------------+------------------+-------------+----------------+
; Assignment Name                      ; Value                                  ; Default Value    ; Entity Name ; Section Id     ;
+--------------------------------------+----------------------------------------+------------------+-------------+----------------+
; COMPILER_SIGNATURE_ID                ; 141734666722103.159138369322916        ; --               ; --          ; --             ;
; EDA_DESIGN_INSTANCE_NAME             ; NA                                     ; --               ; --          ; tb             ;
; EDA_NATIVELINK_SIMULATION_TEST_BENCH ; tb                                     ; --               ; --          ; eda_simulation ;
; EDA_OUTPUT_DATA_FORMAT               ; Verilog Hdl                            ; --               ; --          ; eda_simulation ;
; EDA_SIMULATION_TOOL                  ; ModelSim-Altera (Verilog)              ; <None>           ; --          ; --             ;
; EDA_TEST_BENCH_ENABLE_STATUS         ; TEST_BENCH_MODE                        ; --               ; --          ; eda_simulation ;
; EDA_TEST_BENCH_FILE                  ; tb.v                                   ; --               ; --          ; tb             ;
; EDA_TEST_BENCH_MODULE_NAME           ; tb                                     ; --               ; --          ; tb             ;
; EDA_TEST_BENCH_NAME                  ; tb                                     ; --               ; --          ; eda_simulation ;
; EDA_TIME_SCALE                       ; 1 ps                                   ; --               ; --          ; eda_simulation ;
; FLOW_ENABLE_POWER_ANALYZER           ; On                                     ; Off              ; --          ; --             ;
; MAX_CORE_JUNCTION_TEMP               ; 85                                     ; --               ; --          ; --             ;
; MIN_CORE_JUNCTION_TEMP               ; 0                                      ; --               ; --          ; --             ;
; PARTITION_COLOR                      ; -- (Not supported for targeted family) ; --               ; top         ; Top            ;
; PARTITION_FITTER_PRESERVATION_LEVEL  ; -- (Not supported for targeted family) ; --               ; top         ; Top            ;
; PARTITION_NETLIST_TYPE               ; -- (Not supported for targeted family) ; --               ; top         ; Top            ;
; POWER_BOARD_THERMAL_MODEL            ; None (CONSERVATIVE)                    ; --               ; --          ; --             ;
; POWER_DEFAULT_INPUT_IO_TOGGLE_RATE   ; 12.5 %                                 ; 12.5%            ; --          ; --             ;
; POWER_PRESET_COOLING_SOLUTION        ; 23 MM HEAT SINK WITH 200 LFPM AIRFLOW  ; --               ; --          ; --             ;
; PROJECT_OUTPUT_DIRECTORY             ; output_files                           ; --               ; --          ; --             ;
; TOP_LEVEL_ENTITY                     ; top                                    ; top_free_running ; --          ; --             ;
+--------------------------------------+----------------------------------------+------------------+-------------+----------------+


+--------------------------------------------------------------------------------------------------------------------------+
; Flow Elapsed Time                                                                                                        ;
+----------------------+--------------+-------------------------+---------------------+------------------------------------+
; Module Name          ; Elapsed Time ; Average Processors Used ; Peak Virtual Memory ; Total CPU Time (on all processors) ;
+----------------------+--------------+-------------------------+---------------------+------------------------------------+
; Analysis & Synthesis ; 00:00:15     ; 1.0                     ; 4768 MB             ; 00:00:35                           ;
; Fitter               ; 00:00:06     ; 1.0                     ; 5550 MB             ; 00:00:07                           ;
; Assembler            ; 00:00:01     ; 1.0                     ; 4677 MB             ; 00:00:01                           ;
; Power Analyzer       ; 00:00:03     ; 1.0                     ; 4816 MB             ; 00:00:02                           ;
; Timing Analyzer      ; 00:00:03     ; 1.0                     ; 4778 MB             ; 00:00:03                           ;
; EDA Netlist Writer   ; 00:00:01     ; 1.0                     ; 4643 MB             ; 00:00:01                           ;
; Total                ; 00:00:29     ; --                      ; --                  ; 00:00:49                           ;
+----------------------+--------------+-------------------------+---------------------+------------------------------------+


+------------------------------------------------------------------------------------+
; Flow OS Summary                                                                    ;
+----------------------+------------------+------------+------------+----------------+
; Module Name          ; Machine Hostname ; OS Name    ; OS Version ; Processor type ;
+----------------------+------------------+------------+------------+----------------+
; Analysis & Synthesis ; LAPTOP-4JAK7P19  ; Windows 10 ; 10.0       ; x86_64         ;
; Fitter               ; LAPTOP-4JAK7P19  ; Windows 10 ; 10.0       ; x86_64         ;
; Assembler            ; LAPTOP-4JAK7P19  ; Windows 10 ; 10.0       ; x86_64         ;
; Power Analyzer       ; LAPTOP-4JAK7P19  ; Windows 10 ; 10.0       ; x86_64         ;
; Timing Analyzer      ; LAPTOP-4JAK7P19  ; Windows 10 ; 10.0       ; x86_64         ;
; EDA Netlist Writer   ; LAPTOP-4JAK7P19  ; Windows 10 ; 10.0       ; x86_64         ;
+----------------------+------------------+------------+------------+----------------+


------------
; Flow Log ;
------------
quartus_map --read_settings_files=on --write_settings_files=off top_free_running -c top_free_running
quartus_fit --read_settings_files=off --write_settings_files=off top_free_running -c top_free_running
quartus_asm --read_settings_files=off --write_settings_files=off top_free_running -c top_free_running
quartus_pow --read_settings_files=off --write_settings_files=off top_free_running -c top_free_running
quartus_sta top_free_running -c top_free_running
quartus_eda --read_settings_files=off --write_settings_files=off top_free_running -c top_free_running



